<?xml version="1.0" encoding="UTF-8"?>
<!-- Generated by org.testng.reporters.JUnitReportReporter -->
<testsuite hostname="Jack" failures="0" tests="4" name="tests.LoginTest" time="31.472" errors="0" timestamp="2025-05-21T18:58:21 IST" skipped="0">
  <testcase classname="tests.LoginTest" name="validLoginTest" time="7.017"/>
  <testcase classname="tests.LoginTest" name="validLoginTest" time="5.172"/>
  <testcase classname="tests.LoginTest" name="invalidLoginTest" time="10.016"/>
  <testcase classname="tests.LoginTest" name="validLoginTest" time="9.267"/>
</testsuite> <!-- tests.LoginTest -->
