<?xml version="1.0" encoding="UTF-8"?>
<!-- Generated by org.testng.reporters.JUnitReportReporter -->
<testsuite hostname="Jack" failures="0" tests="1" name="tests.CartTests" time="4.819" errors="0" timestamp="2025-05-21T18:58:21 IST" skipped="0">
  <testcase classname="tests.CartTests" name="addProductAndVerifyCartCount" time="4.819"/>
</testsuite> <!-- tests.CartTests -->
